TN:
SF:app.js
FNF:0
FNH:0
DA:1,4
DA:2,4
DA:3,4
DA:4,4
DA:5,4
DA:6,4
DA:7,4
DA:9,4
DA:10,4
DA:12,4
DA:13,4
DA:14,4
DA:15,4
DA:16,4
DA:17,4
DA:20,4
DA:23,4
DA:25,4
LF:18
LH:18
BRF:0
BRH:0
end_of_record
TN:
SF:controllers\hotelController.js
FN:4,(anonymous_0)
FN:24,(anonymous_1)
FN:32,(anonymous_2)
FN:40,(anonymous_3)
FN:48,(anonymous_4)
FNF:5
FNH:5
FNDA:7,(anonymous_0)
FNDA:2,(anonymous_1)
FNDA:2,(anonymous_2)
FNDA:2,(anonymous_3)
FNDA:2,(anonymous_4)
DA:1,4
DA:4,4
DA:5,7
DA:6,7
DA:8,7
DA:16,7
DA:17,5
DA:19,2
DA:24,4
DA:25,2
DA:26,2
DA:27,2
DA:28,2
DA:32,4
DA:33,2
DA:34,2
DA:35,2
DA:36,2
DA:40,4
DA:41,2
DA:42,2
DA:43,2
DA:44,2
DA:48,4
DA:49,2
DA:50,2
DA:51,2
DA:52,2
DA:55,4
LF:29
LH:29
BRF:0
BRH:0
end_of_record
TN:
SF:middleware\errorHandler.js
FN:1,(anonymous_0)
FNF:1
FNH:1
FNDA:1,(anonymous_0)
DA:1,4
DA:2,1
DA:8,4
LF:3
LH:3
BRDA:2,0,0,1
BRDA:2,0,1,0
BRDA:3,1,0,1
BRDA:3,1,1,0
BRDA:4,2,0,0
BRDA:4,2,1,1
BRF:6
BRH:3
end_of_record
TN:
SF:models\hotel.js
FN:22,(anonymous_0)
FN:29,(anonymous_1)
FN:38,(anonymous_2)
FNF:3
FNH:2
FNDA:3,(anonymous_0)
FNDA:0,(anonymous_1)
FNDA:3,(anonymous_2)
DA:1,4
DA:4,4
DA:13,4
DA:16,4
DA:19,4
DA:22,4
DA:24,3
DA:27,3
DA:28,0
DA:29,0
DA:30,0
DA:31,0
DA:32,0
DA:38,4
DA:39,3
DA:42,4
DA:44,4
LF:17
LH:12
BRDA:27,0,0,0
BRDA:27,0,1,3
BRDA:30,1,0,0
BRDA:30,1,1,0
BRF:4
BRH:1
end_of_record
TN:
SF:routes\hotelRoutes.js
FNF:0
FNH:0
DA:1,4
DA:2,4
DA:3,4
DA:6,4
DA:9,4
DA:10,4
DA:11,4
DA:12,4
DA:14,4
LF:9
LH:9
BRF:0
BRH:0
end_of_record
